[createcaptivate.co.uk/index.html]
[backblue.gif]
[fade.gif]
[index.html]
[daks2k3a4ib2z.cloudfront.net/576187c159a28bfc6865ccea/css/create-captivate.webflow.d6b30c4c5.min.css]
[ajax.googleapis.com/ajax/libs/webfont/1.4.7/webfont.js]
[daks2k3a4ib2z.cloudfront.net/0globals/modernizr-2.7.1.js]
[daks2k3a4ib2z.cloudfront.net/576187c159a28bfc6865ccea/5769c96b685f9aff6593d2c4_favicon-32x32.png]
[daks2k3a4ib2z.cloudfront.net/576187c159a28bfc6865ccea/5769ca0c8a6044ef2ce35160_Fav2.jpg]
[connect.facebook.net/en_US/fbevents.js]
[daks2k3a4ib2z.cloudfront.net/576187c159a28bfc6865ccea/57629cea2dfd0800251d1f65_CreateCapticateLogo1.png]
[daks2k3a4ib2z.cloudfront.net/576187c159a28bfc6865ccea/5769685b8a6044ef2ce26e27_CC Brands3.jpg]
[daks2k3a4ib2z.cloudfront.net/576187c159a28bfc6865ccea/5769683e225f3f9e094c2d28_CC Brands2.jpg]
[daks2k3a4ib2z.cloudfront.net/576187c159a28bfc6865ccea/5769686f225f3f9e094c2e54_CC Brands4.jpg]
[daks2k3a4ib2z.cloudfront.net/576187c159a28bfc6865ccea/576968791ce5e1bb09e6c235_CC Brands5.jpg]
[daks2k3a4ib2z.cloudfront.net/576187c159a28bfc6865ccea/576968968a6044ef2ce26f48_CC Brands6.jpg]
[daks2k3a4ib2z.cloudfront.net/576187c159a28bfc6865ccea/576968a01ce5e1bb09e6c240_CC Brands1.jpg]
[ajax.googleapis.com/ajax/libs/jquery/2.2.0/jquery.min.js]
[createcaptivate.co.uk/index.html]
[daks2k3a4ib2z.cloudfront.net/576187c159a28bfc6865ccea/css/create-captivate.webflow.d6b30c4c5.min.css]
[connect.facebook.net/en_US/fbevents.js]
[daks2k3a4ib2z.cloudfront.net/576187c159a28bfc6865ccea/js/webflow.870fed93b.js]
